<?xml version="1.0" encoding="UTF-8"?>
<coverage generated="1663966636291" clover="3.2.0">
  <project timestamp="1663966636291" name="All files">
    <metrics statements="32" coveredstatements="30" conditionals="6" coveredconditionals="5" methods="9" coveredmethods="8" elements="47" coveredelements="43" complexity="0" loc="32" ncloc="32" packages="1" files="1" classes="1"/>
    <file name="recommendationsService.ts" path="/home/amorim/Documents/Driven/projeto21-singmeasong/back-end/src/services/recommendationsService.ts">
      <metrics statements="32" coveredstatements="30" conditionals="6" coveredconditionals="5" methods="9" coveredmethods="8"/>
      <line num="2" count="1" type="stmt"/>
      <line num="3" count="1" type="stmt"/>
      <line num="8" count="2" type="stmt"/>
      <line num="11" count="2" type="cond" truecount="1" falsecount="0"/>
      <line num="12" count="1" type="stmt"/>
      <line num="14" count="1" type="stmt"/>
      <line num="18" count="2" type="stmt"/>
      <line num="20" count="1" type="stmt"/>
      <line num="24" count="8" type="stmt"/>
      <line num="26" count="7" type="stmt"/>
      <line num="31" count="7" type="cond" truecount="1" falsecount="0"/>
      <line num="32" count="1" type="stmt"/>
      <line num="37" count="12" type="stmt"/>
      <line num="38" count="12" type="cond" truecount="1" falsecount="0"/>
      <line num="40" count="9" type="stmt"/>
      <line num="44" count="3" type="stmt"/>
      <line num="48" count="0" type="stmt"/>
      <line num="52" count="1001" type="stmt"/>
      <line num="53" count="1001" type="stmt"/>
      <line num="55" count="1001" type="stmt"/>
      <line num="56" count="1001" type="cond" truecount="0" falsecount="1"/>
      <line num="57" count="0" type="stmt"/>
      <line num="60" count="1001" type="stmt"/>
      <line num="61" count="1001" type="stmt"/>
      <line num="65" count="1001" type="stmt"/>
      <line num="70" count="1001" type="cond" truecount="1" falsecount="0"/>
      <line num="71" count="1000" type="stmt"/>
      <line num="74" count="1" type="stmt"/>
      <line num="78" count="1001" type="cond" truecount="1" falsecount="0"/>
      <line num="79" count="681" type="stmt"/>
      <line num="82" count="320" type="stmt"/>
      <line num="85" count="1" type="stmt"/>
    </file>
  </project>
</coverage>
