TN:
SF:src/services/recommendationsService.ts
FN:7,insert
FN:17,upvote
FN:23,downvote
FN:36,getByIdOrFail
FN:43,get
FN:47,getTop
FN:51,getRandom
FN:64,getByScore
FN:77,getScoreFilter
FNF:9
FNH:9
FNDA:4,insert
FNDA:3,upvote
FNDA:10,downvote
FNDA:17,getByIdOrFail
FNDA:4,get
FNDA:3,getTop
FNDA:1006,getRandom
FNDA:1006,getByScore
FNDA:1006,getScoreFilter
DA:2,2
DA:3,2
DA:8,4
DA:11,4
DA:12,2
DA:14,2
DA:18,3
DA:20,2
DA:24,10
DA:26,9
DA:31,9
DA:32,2
DA:37,17
DA:38,17
DA:40,13
DA:44,4
DA:48,3
DA:52,1006
DA:53,1006
DA:55,1006
DA:56,1006
DA:57,2
DA:60,1004
DA:61,1004
DA:65,1006
DA:70,1006
DA:71,1002
DA:74,4
DA:78,1006
DA:79,733
DA:82,273
DA:85,2
LF:32
LH:32
BRDA:11,0,0,2
BRDA:31,1,0,2
BRDA:38,2,0,4
BRDA:56,3,0,2
BRDA:70,4,0,1002
BRDA:78,5,0,733
BRF:6
BRH:6
end_of_record
